<?xml version="1.0" encoding="UTF-8"?>
<!-- Generated by org.testng.reporters.JUnitReportReporter -->
<testsuite hostname="DESKTOP-UH9L96E" failures="0" tests="1" name="com.goibibo.qa.testcases.LoginTest" time="52.466" errors="0" timestamp="2021-01-03T21:16:31 IST" skipped="0">
  <testcase classname="com.goibibo.qa.testcases.LoginTest" name="verifyLoginWithValidCred" time="52.466"/>
  <system-out/>
</testsuite> <!-- com.goibibo.qa.testcases.LoginTest -->
